2020.10.19, 08:22:42.0123 UTC -> Another data
2020.10.19, 08:24:59.0261 UTC -> Split effectué en : 151
2020.10.19, 08:33:33.0358 UTC -> duration [ms] = 1500
2020.10.19, 08:33:33.0357 UTC -> Split effectué en : 151fichiers
2020.10.19, 08:36:50.0042 UTC -> Split effectué en : 151fichiers
2020.10.19, 08:36:50.0042 UTC -> duration [ms] = 500
2020.10.19, 08:39:57.0053 UTC -> Split effectué en : 151fichiers
2020.10.19, 08:39:57.0054 UTC -> Split effectué en : 151fichiers
2020.10.19, 08:41:52.0870 UTC -> Split effectué en : 151fichiers
2020.10.19, 08:41:52.0870 UTC -> undefined
2020.10.19, 08:45:54.0494 UTC -> Split effectué en : 151fichiers
2020.10.19, 08:47:22.0822 UTC -> Split effectué en : 151fichiers
2020.10.19, 08:51:46.0800 UTC -> Split effectué en : 151fichiers
2020.10.19, 08:51:46.0801 UTC -> Import files in ${hrend[0]}s (${end}ms)
2020.10.19, 08:55:22.0632 UTC -> Split effectué en : 151fichiers
2020.10.19, 08:55:22.0633 UTC -> Import files in ${hrend[0]}s (${end}ms)
2020.10.19, 09:11:34.0598 UTC -> Split effectué en : 151fichiers
2020.10.19, 09:11:34.0599 UTC -> Import files in ${hrend[0]}s (${end}ms)
2020.10.19, 09:11:34.0599 UTC -> Split effectué en : 65secondes65470ms
2020.10.19, 09:13:29.0785 UTC -> Split effectué en : 151fichiers
2020.10.19, 09:13:29.0786 UTC -> Split effectué en : 62secondes
2020.10.19, 09:33:31.0212 UTC -> Split effectué en : 63secondes
2020.10.19, 09:33:31.0211 UTC -> Split effectué en : 151fichiers
2020.10.19, 09:39:04.0758 UTC -> Split effectué en : 151fichiers
2020.10.19, 09:39:04.0758 UTC -> Split effectué en : 56secondes
2020.10.21, 16:24:29.0970 UTC -> Split effectué en : 151fichiers
2020.10.21, 16:24:29.0974 UTC -> Split effectué en : 63secondes
2020.10.22, 07:16:57.0762 UTC -> Split effectué en : 151fichiers
2020.10.22, 07:16:57.0763 UTC -> Split effectué en : 62secondes
2020.10.22, 07:19:14.0115 UTC -> Split effectué en : 151fichiers
2020.10.22, 07:19:14.0116 UTC -> Split effectué en : 64secondes
2020.10.22, 07:21:08.0837 UTC -> Split effectué en : 121fichiers
2020.10.22, 07:21:08.0837 UTC -> Split effectué en : 64secondes
2020.10.22, 07:22:56.0257 UTC -> Split effectué en : 101fichiers
2020.10.22, 07:22:56.0257 UTC -> Split effectué en : 62secondes
